{"E:\\Microverse\\JavaScript-KanBan-Project\\src\\__mock__\\countComments.js": {"path":"E:\\Microverse\\JavaScript-KanBan-Project\\src\\__mock__\\countComments.js","statementMap":{"0":{"start":{"line":1,"column":17},"end":{"line":7,"column":1}},"1":{"start":{"line":3,"column":2},"end":{"line":5,"column":5}},"2":{"start":{"line":4,"column":4},"end":{"line":4,"column":24}},"3":{"start":{"line":6,"column":2},"end":{"line":6,"column":17}},"4":{"start":{"line":9,"column":0},"end":{"line":9,"column":26}}},"fnMap":{"0":{"name":"(anonymous_0)","decl":{"start":{"line":1,"column":17},"end":{"line":1,"column":18}},"loc":{"start":{"line":1,"column":34},"end":{"line":7,"column":1}},"line":1},"1":{"name":"(anonymous_1)","decl":{"start":{"line":3,"column":22},"end":{"line":3,"column":23}},"loc":{"start":{"line":3,"column":42},"end":{"line":5,"column":3}},"line":3}},"branchMap":{},"s":{"0":1,"1":2,"2":9,"3":2,"4":1},"f":{"0":2,"1":9},"b":{},"_coverageSchema":"1a1c01bbd47fc00a2c39e90264f33305004495a9","hash":"430f2b6c0f2b73cf5a50e1e68d531330f9e7487a"}
,"E:\\Microverse\\JavaScript-KanBan-Project\\src\\__mock__\\countLikes.js": {"path":"E:\\Microverse\\JavaScript-KanBan-Project\\src\\__mock__\\countLikes.js","statementMap":{"0":{"start":{"line":1,"column":15},"end":{"line":7,"column":1}},"1":{"start":{"line":3,"column":2},"end":{"line":5,"column":5}},"2":{"start":{"line":4,"column":4},"end":{"line":4,"column":19}},"3":{"start":{"line":6,"column":2},"end":{"line":6,"column":16}},"4":{"start":{"line":10,"column":0},"end":{"line":10,"column":24}}},"fnMap":{"0":{"name":"(anonymous_0)","decl":{"start":{"line":1,"column":15},"end":{"line":1,"column":16}},"loc":{"start":{"line":1,"column":24},"end":{"line":7,"column":1}},"line":1},"1":{"name":"(anonymous_1)","decl":{"start":{"line":3,"column":14},"end":{"line":3,"column":15}},"loc":{"start":{"line":3,"column":30},"end":{"line":5,"column":3}},"line":3}},"branchMap":{},"s":{"0":1,"1":3,"2":16,"3":3,"4":1},"f":{"0":3,"1":16},"b":{},"_coverageSchema":"1a1c01bbd47fc00a2c39e90264f33305004495a9","hash":"dce4191aa8f2a210cc22979833ec5b217b5a8055"}
}
